生成启动时间为 2017/3/14 14:54:43。
     1>项目“C:\Users\Administrator\Documents\GitHub\OutPutTool\Tools\Tools\Tools.vcxproj”在节点 2 上(Build 个目标)。
     1>ClCompile:
         E:\Program Files (x86)\Microsoft Visual Studio 12.0\VC\bin\CL.exe /c /ZI /nologo /W3 /WX- /sdl /Od /Oy- /D WIN32 /D _DEBUG /D _CONSOLE /D _LIB /D _UNICODE /D UNICODE /Gm /EHsc /RTC1 /MDd /GS /fp:precise /Zc:wchar_t /Zc:forScope /Fo"Debug\\" /Fd"Debug\vc120.pdb" /Gd /TP /analyze- /errorReport:prompt test.cpp
         test.cpp
       Link:
         E:\Program Files (x86)\Microsoft Visual Studio 12.0\VC\bin\link.exe /ERRORREPORT:PROMPT /OUT:"C:\Users\Administrator\Documents\GitHub\OutPutTool\Tools\Debug\Tools.exe" /INCREMENTAL /NOLOGO libmysql.lib kernel32.lib user32.lib gdi32.lib winspool.lib comdlg32.lib advapi32.lib shell32.lib ole32.lib oleaut32.lib uuid.lib odbc32.lib odbccp32.lib /MANIFEST /MANIFESTUAC:"level='asInvoker' uiAccess='false'" /manifest:embed /DEBUG /PDB:"C:\Users\Administrator\Documents\GitHub\OutPutTool\Tools\Debug\Tools.pdb" /SUBSYSTEM:CONSOLE /TLBID:1 /DYNAMICBASE /NXCOMPAT /IMPLIB:"C:\Users\Administrator\Documents\GitHub\OutPutTool\Tools\Debug\Tools.lib" /MACHINE:X86 Debug\connecter.obj
         Debug\readFile.obj
         Debug\test.obj
         Debug\writeFile.obj
     1>test.obj : error LNK2019: 无法解析的外部符号 _mysql_init@4，该符号在函数 _main 中被引用
     1>test.obj : error LNK2019: 无法解析的外部符号 _mysql_real_connect@32，该符号在函数 _main 中被引用
     1>test.obj : error LNK2019: 无法解析的外部符号 _mysql_query@8，该符号在函数 _main 中被引用
     1>test.obj : error LNK2019: 无法解析的外部符号 _mysql_store_result@4，该符号在函数 _main 中被引用
     1>test.obj : error LNK2019: 无法解析的外部符号 _mysql_free_result@4，该符号在函数 _main 中被引用
     1>test.obj : error LNK2019: 无法解析的外部符号 _mysql_fetch_row@4，该符号在函数 _main 中被引用
     1>test.obj : error LNK2019: 无法解析的外部符号 _mysql_close@4，该符号在函数 _main 中被引用
     1>C:\Users\Administrator\Documents\GitHub\OutPutTool\Tools\Debug\Tools.exe : fatal error LNK1120: 7 个无法解析的外部命令
     1>已完成生成项目“C:\Users\Administrator\Documents\GitHub\OutPutTool\Tools\Tools\Tools.vcxproj”(Build 个目标)的操作 - 失败。

生成失败。

已用时间 00:00:02.87
